The target system is: Android - 1 - x86_64
The host system is: Linux - 5.4.0-124-generic - x86_64
Determining if the C compiler works passed with the following output:
Change Dir: /home/bingo/Public/AS2/NCNN/app/.cxx/Debug/2169x1k5/x86_64/CMakeFiles/CMakeTmp

Run Build Command:"/home/bingo/Android/Sdk/cmake/3.10.2.4988404/bin/ninja" "cmTC_19126"
[1/2] Building C object CMakeFiles/cmTC_19126.dir/testCCompiler.c.o
[2/2] Linking C executable cmTC_19126


Detecting C compiler ABI info compiled with the following output:
Change Dir: /home/bingo/Public/AS2/NCNN/app/.cxx/Debug/2169x1k5/x86_64/CMakeFiles/CMakeTmp

Run Build Command:"/home/bingo/Android/Sdk/cmake/3.10.2.4988404/bin/ninja" "cmTC_4e330"
[1/2] Building C object CMakeFiles/cmTC_4e330.dir/CMakeCCompilerABI.c.o
[2/2] Linking C executable cmTC_4e330
Android (8490178, based on r450784d) clang version 14.0.6 (https://android.googlesource.com/toolchain/llvm-project 4c603efb0cca074e9238af8b4106c30add4418f6)
Target: x86_64-none-linux-android24
Thread model: posix
InstalledDir: /home/bingo/Android/Sdk/ndk/25.0.8775105/toolchains/llvm/prebuilt/linux-x86_64/bin
Found CUDA installation: /usr/local/cuda-11.7, version 
 "/home/bingo/Android/Sdk/ndk/25.0.8775105/toolchains/llvm/prebuilt/linux-x86_64/bin/ld" --sysroot=/home/bingo/Android/Sdk/ndk/25.0.8775105/toolchains/llvm/prebuilt/linux-x86_64/sysroot -pie --warn-shared-textrel -z now -z relro --hash-style=gnu --enable-new-dtags --eh-frame-hdr -m elf_x86_64 -dynamic-linker /system/bin/linker64 -o cmTC_4e330 /home/bingo/Android/Sdk/ndk/25.0.8775105/toolchains/llvm/prebuilt/linux-x86_64/sysroot/usr/lib/x86_64-linux-android/24/crtbegin_dynamic.o -L/home/bingo/Android/Sdk/ndk/25.0.8775105/toolchains/llvm/prebuilt/linux-x86_64/lib64/clang/14.0.6/lib/linux/x86_64 -L/home/bingo/Android/Sdk/ndk/25.0.8775105/toolchains/llvm/prebuilt/linux-x86_64/sysroot/usr/lib/x86_64-linux-android/24 -L/home/bingo/Android/Sdk/ndk/25.0.8775105/toolchains/llvm/prebuilt/linux-x86_64/sysroot/usr/lib/x86_64-linux-android -L/home/bingo/Android/Sdk/ndk/25.0.8775105/toolchains/llvm/prebuilt/linux-x86_64/sysroot/usr/lib --build-id=sha1 --no-rosegment --fatal-warnings --gc-sections --no-undefined --gc-sections CMakeFiles/cmTC_4e330.dir/CMakeCCompilerABI.c.o /home/bingo/Android/Sdk/ndk/25.0.8775105/toolchains/llvm/prebuilt/linux-x86_64/lib64/clang/14.0.6/lib/linux/libclang_rt.builtins-x86_64-android.a -l:libunwind.a -ldl -lc /home/bingo/Android/Sdk/ndk/25.0.8775105/toolchains/llvm/prebuilt/linux-x86_64/lib64/clang/14.0.6/lib/linux/libclang_rt.builtins-x86_64-android.a -l:libunwind.a -ldl /home/bingo/Android/Sdk/ndk/25.0.8775105/toolchains/llvm/prebuilt/linux-x86_64/sysroot/usr/lib/x86_64-linux-android/24/crtend_android.o


Parsed C implicit link information from above output:
  link line regex: [^( *|.*[/\])(CMAKE_LINKER-NOTFOUND|CMAKE_LINK_STARTFILE-NOTFOUND|([^/\]+-)?ld|collect2)[^/\]*( |$)]
  ignore line: [Change Dir: /home/bingo/Public/AS2/NCNN/app/.cxx/Debug/2169x1k5/x86_64/CMakeFiles/CMakeTmp]
  ignore line: []
  ignore line: [Run Build Command:"/home/bingo/Android/Sdk/cmake/3.10.2.4988404/bin/ninja" "cmTC_4e330"]
  ignore line: [[1/2] Building C object CMakeFiles/cmTC_4e330.dir/CMakeCCompilerABI.c.o]
  ignore line: [[2/2] Linking C executable cmTC_4e330]
  ignore line: [Android (8490178, based on r450784d) clang version 14.0.6 (https://android.googlesource.com/toolchain/llvm-project 4c603efb0cca074e9238af8b4106c30add4418f6)]
  ignore line: [Target: x86_64-none-linux-android24]
  ignore line: [Thread model: posix]
  ignore line: [InstalledDir: /home/bingo/Android/Sdk/ndk/25.0.8775105/toolchains/llvm/prebuilt/linux-x86_64/bin]
  ignore line: [Found CUDA installation: /usr/local/cuda-11.7, version ]
  link line: [ "/home/bingo/Android/Sdk/ndk/25.0.8775105/toolchains/llvm/prebuilt/linux-x86_64/bin/ld" --sysroot=/home/bingo/Android/Sdk/ndk/25.0.8775105/toolchains/llvm/prebuilt/linux-x86_64/sysroot -pie --warn-shared-textrel -z now -z relro --hash-style=gnu --enable-new-dtags --eh-frame-hdr -m elf_x86_64 -dynamic-linker /system/bin/linker64 -o cmTC_4e330 /home/bingo/Android/Sdk/ndk/25.0.8775105/toolchains/llvm/prebuilt/linux-x86_64/sysroot/usr/lib/x86_64-linux-android/24/crtbegin_dynamic.o -L/home/bingo/Android/Sdk/ndk/25.0.8775105/toolchains/llvm/prebuilt/linux-x86_64/lib64/clang/14.0.6/lib/linux/x86_64 -L/home/bingo/Android/Sdk/ndk/25.0.8775105/toolchains/llvm/prebuilt/linux-x86_64/sysroot/usr/lib/x86_64-linux-android/24 -L/home/bingo/Android/Sdk/ndk/25.0.8775105/toolchains/llvm/prebuilt/linux-x86_64/sysroot/usr/lib/x86_64-linux-android -L/home/bingo/Android/Sdk/ndk/25.0.8775105/toolchains/llvm/prebuilt/linux-x86_64/sysroot/usr/lib --build-id=sha1 --no-rosegment --fatal-warnings --gc-sections --no-undefined --gc-sections CMakeFiles/cmTC_4e330.dir/CMakeCCompilerABI.c.o /home/bingo/Android/Sdk/ndk/25.0.8775105/toolchains/llvm/prebuilt/linux-x86_64/lib64/clang/14.0.6/lib/linux/libclang_rt.builtins-x86_64-android.a -l:libunwind.a -ldl -lc /home/bingo/Android/Sdk/ndk/25.0.8775105/toolchains/llvm/prebuilt/linux-x86_64/lib64/clang/14.0.6/lib/linux/libclang_rt.builtins-x86_64-android.a -l:libunwind.a -ldl /home/bingo/Android/Sdk/ndk/25.0.8775105/toolchains/llvm/prebuilt/linux-x86_64/sysroot/usr/lib/x86_64-linux-android/24/crtend_android.o]
    arg [/home/bingo/Android/Sdk/ndk/25.0.8775105/toolchains/llvm/prebuilt/linux-x86_64/bin/ld] ==> ignore
    arg [--sysroot=/home/bingo/Android/Sdk/ndk/25.0.8775105/toolchains/llvm/prebuilt/linux-x86_64/sysroot] ==> ignore
    arg [-pie] ==> ignore
    arg [--warn-shared-textrel] ==> ignore
    arg [-znow] ==> ignore
    arg [-zrelro] ==> ignore
    arg [--hash-style=gnu] ==> ignore
    arg [--enable-new-dtags] ==> ignore
    arg [--eh-frame-hdr] ==> ignore
    arg [-m] ==> ignore
    arg [elf_x86_64] ==> ignore
    arg [-dynamic-linker] ==> ignore
    arg [/system/bin/linker64] ==> ignore
    arg [-o] ==> ignore
    arg [cmTC_4e330] ==> ignore
    arg [/home/bingo/Android/Sdk/ndk/25.0.8775105/toolchains/llvm/prebuilt/linux-x86_64/sysroot/usr/lib/x86_64-linux-android/24/crtbegin_dynamic.o] ==> ignore
    arg [-L/home/bingo/Android/Sdk/ndk/25.0.8775105/toolchains/llvm/prebuilt/linux-x86_64/lib64/clang/14.0.6/lib/linux/x86_64] ==> dir [/home/bingo/Android/Sdk/ndk/25.0.8775105/toolchains/llvm/prebuilt/linux-x86_64/lib64/clang/14.0.6/lib/linux/x86_64]
    arg [-L/home/bingo/Android/Sdk/ndk/25.0.8775105/toolchains/llvm/prebuilt/linux-x86_64/sysroot/usr/lib/x86_64-linux-android/24] ==> dir [/home/bingo/Android/Sdk/ndk/25.0.8775105/toolchains/llvm/prebuilt/linux-x86_64/sysroot/usr/lib/x86_64-linux-android/24]
    arg [-L/home/bingo/Android/Sdk/ndk/25.0.8775105/toolchains/llvm/prebuilt/linux-x86_64/sysroot/usr/lib/x86_64-linux-android] ==> dir [/home/bingo/Android/Sdk/ndk/25.0.8775105/toolchains/llvm/prebuilt/linux-x86_64/sysroot/usr/lib/x86_64-linux-android]
    arg [-L/home/bingo/Android/Sdk/ndk/25.0.8775105/toolchains/llvm/prebuilt/linux-x86_64/sysroot/usr/lib] ==> dir [/home/bingo/Android/Sdk/ndk/25.0.8775105/toolchains/llvm/prebuilt/linux-x86_64/sysroot/usr/lib]
    arg [--build-id=sha1] ==> ignore
    arg [--no-rosegment] ==> ignore
    arg [--fatal-warnings] ==> ignore
    arg [--gc-sections] ==> ignore
    arg [--no-undefined] ==> ignore
    arg [--gc-sections] ==> ignore
    arg [CMakeFiles/cmTC_4e330.dir/CMakeCCompilerABI.c.o] ==> ignore
    arg [/home/bingo/Android/Sdk/ndk/25.0.8775105/toolchains/llvm/prebuilt/linux-x86_64/lib64/clang/14.0.6/lib/linux/libclang_rt.builtins-x86_64-android.a] ==> lib [/home/bingo/Android/Sdk/ndk/25.0.8775105/toolchains/llvm/prebuilt/linux-x86_64/lib64/clang/14.0.6/lib/linux/libclang_rt.builtins-x86_64-android.a]
    arg [-l:libunwind.a] ==> lib [-l:libunwind.a]
    arg [-ldl] ==> lib [dl]
    arg [-lc] ==> lib [c]
    arg [/home/bingo/Android/Sdk/ndk/25.0.8775105/toolchains/llvm/prebuilt/linux-x86_64/lib64/clang/14.0.6/lib/linux/libclang_rt.builtins-x86_64-android.a] ==> lib [/home/bingo/Android/Sdk/ndk/25.0.8775105/toolchains/llvm/prebuilt/linux-x86_64/lib64/clang/14.0.6/lib/linux/libclang_rt.builtins-x86_64-android.a]
    arg [-l:libunwind.a] ==> lib [-l:libunwind.a]
    arg [-ldl] ==> lib [dl]
    arg [/home/bingo/Android/Sdk/ndk/25.0.8775105/toolchains/llvm/prebuilt/linux-x86_64/sysroot/usr/lib/x86_64-linux-android/24/crtend_android.o] ==> ignore
  remove lib [/home/bingo/Android/Sdk/ndk/25.0.8775105/toolchains/llvm/prebuilt/linux-x86_64/lib64/clang/14.0.6/lib/linux/libclang_rt.builtins-x86_64-android.a]
  remove lib [/home/bingo/Android/Sdk/ndk/25.0.8775105/toolchains/llvm/prebuilt/linux-x86_64/lib64/clang/14.0.6/lib/linux/libclang_rt.builtins-x86_64-android.a]
  collapse library dir [/home/bingo/Android/Sdk/ndk/25.0.8775105/toolchains/llvm/prebuilt/linux-x86_64/lib64/clang/14.0.6/lib/linux/x86_64] ==> [/home/bingo/Android/Sdk/ndk/25.0.8775105/toolchains/llvm/prebuilt/linux-x86_64/lib64/clang/14.0.6/lib/linux/x86_64]
  collapse library dir [/home/bingo/Android/Sdk/ndk/25.0.8775105/toolchains/llvm/prebuilt/linux-x86_64/sysroot/usr/lib/x86_64-linux-android/24] ==> [/home/bingo/Android/Sdk/ndk/25.0.8775105/toolchains/llvm/prebuilt/linux-x86_64/sysroot/usr/lib/x86_64-linux-android/24]
  collapse library dir [/home/bingo/Android/Sdk/ndk/25.0.8775105/toolchains/llvm/prebuilt/linux-x86_64/sysroot/usr/lib/x86_64-linux-android] ==> [/home/bingo/Android/Sdk/ndk/25.0.8775105/toolchains/llvm/prebuilt/linux-x86_64/sysroot/usr/lib/x86_64-linux-android]
  collapse library dir [/home/bingo/Android/Sdk/ndk/25.0.8775105/toolchains/llvm/prebuilt/linux-x86_64/sysroot/usr/lib] ==> [/home/bingo/Android/Sdk/ndk/25.0.8775105/toolchains/llvm/prebuilt/linux-x86_64/sysroot/usr/lib]
  implicit libs: [-l:libunwind.a;dl;c;-l:libunwind.a;dl]
  implicit dirs: [/home/bingo/Android/Sdk/ndk/25.0.8775105/toolchains/llvm/prebuilt/linux-x86_64/lib64/clang/14.0.6/lib/linux/x86_64;/home/bingo/Android/Sdk/ndk/25.0.8775105/toolchains/llvm/prebuilt/linux-x86_64/sysroot/usr/lib/x86_64-linux-android/24;/home/bingo/Android/Sdk/ndk/25.0.8775105/toolchains/llvm/prebuilt/linux-x86_64/sysroot/usr/lib/x86_64-linux-android;/home/bingo/Android/Sdk/ndk/25.0.8775105/toolchains/llvm/prebuilt/linux-x86_64/sysroot/usr/lib]
  implicit fwks: []




Detecting C [-std=c11] compiler features compiled with the following output:
Change Dir: /home/bingo/Public/AS2/NCNN/app/.cxx/Debug/2169x1k5/x86_64/CMakeFiles/CMakeTmp

Run Build Command:"/home/bingo/Android/Sdk/cmake/3.10.2.4988404/bin/ninja" "cmTC_99a0c"
[1/2] Building C object CMakeFiles/cmTC_99a0c.dir/feature_tests.c.o
[2/2] Linking C executable cmTC_99a0c


    Feature record: C_FEATURE:1c_function_prototypes
    Feature record: C_FEATURE:1c_restrict
    Feature record: C_FEATURE:1c_static_assert
    Feature record: C_FEATURE:1c_variadic_macros


Detecting C [-std=c99] compiler features compiled with the following output:
Change Dir: /home/bingo/Public/AS2/NCNN/app/.cxx/Debug/2169x1k5/x86_64/CMakeFiles/CMakeTmp

Run Build Command:"/home/bingo/Android/Sdk/cmake/3.10.2.4988404/bin/ninja" "cmTC_4c4e4"
[1/2] Building C object CMakeFiles/cmTC_4c4e4.dir/feature_tests.c.o
[2/2] Linking C executable cmTC_4c4e4


    Feature record: C_FEATURE:1c_function_prototypes
    Feature record: C_FEATURE:1c_restrict
    Feature record: C_FEATURE:0c_static_assert
    Feature record: C_FEATURE:1c_variadic_macros


Detecting C [-std=c90] compiler features compiled with the following output:
Change Dir: /home/bingo/Public/AS2/NCNN/app/.cxx/Debug/2169x1k5/x86_64/CMakeFiles/CMakeTmp

Run Build Command:"/home/bingo/Android/Sdk/cmake/3.10.2.4988404/bin/ninja" "cmTC_2d288"
[1/2] Building C object CMakeFiles/cmTC_2d288.dir/feature_tests.c.o
[2/2] Linking C executable cmTC_2d288


    Feature record: C_FEATURE:1c_function_prototypes
    Feature record: C_FEATURE:0c_restrict
    Feature record: C_FEATURE:0c_static_assert
    Feature record: C_FEATURE:0c_variadic_macros
Determining if the CXX compiler works passed with the following output:
Change Dir: /home/bingo/Public/AS2/NCNN/app/.cxx/Debug/2169x1k5/x86_64/CMakeFiles/CMakeTmp

Run Build Command:"/home/bingo/Android/Sdk/cmake/3.10.2.4988404/bin/ninja" "cmTC_bf801"
[1/2] Building CXX object CMakeFiles/cmTC_bf801.dir/testCXXCompiler.cxx.o
[2/2] Linking CXX executable cmTC_bf801


Detecting CXX compiler ABI info compiled with the following output:
Change Dir: /home/bingo/Public/AS2/NCNN/app/.cxx/Debug/2169x1k5/x86_64/CMakeFiles/CMakeTmp

Run Build Command:"/home/bingo/Android/Sdk/cmake/3.10.2.4988404/bin/ninja" "cmTC_eaa59"
[1/2] Building CXX object CMakeFiles/cmTC_eaa59.dir/CMakeCXXCompilerABI.cpp.o
[2/2] Linking CXX executable cmTC_eaa59
Android (8490178, based on r450784d) clang version 14.0.6 (https://android.googlesource.com/toolchain/llvm-project 4c603efb0cca074e9238af8b4106c30add4418f6)
Target: x86_64-none-linux-android24
Thread model: posix
InstalledDir: /home/bingo/Android/Sdk/ndk/25.0.8775105/toolchains/llvm/prebuilt/linux-x86_64/bin
Found CUDA installation: /usr/local/cuda-11.7, version 
 "/home/bingo/Android/Sdk/ndk/25.0.8775105/toolchains/llvm/prebuilt/linux-x86_64/bin/ld" --sysroot=/home/bingo/Android/Sdk/ndk/25.0.8775105/toolchains/llvm/prebuilt/linux-x86_64/sysroot -pie --warn-shared-textrel -z now -z relro --hash-style=gnu --enable-new-dtags --eh-frame-hdr -m elf_x86_64 -dynamic-linker /system/bin/linker64 -o cmTC_eaa59 /home/bingo/Android/Sdk/ndk/25.0.8775105/toolchains/llvm/prebuilt/linux-x86_64/sysroot/usr/lib/x86_64-linux-android/24/crtbegin_dynamic.o -L/home/bingo/Android/Sdk/ndk/25.0.8775105/toolchains/llvm/prebuilt/linux-x86_64/lib64/clang/14.0.6/lib/linux/x86_64 -L/home/bingo/Android/Sdk/ndk/25.0.8775105/toolchains/llvm/prebuilt/linux-x86_64/sysroot/usr/lib/x86_64-linux-android/24 -L/home/bingo/Android/Sdk/ndk/25.0.8775105/toolchains/llvm/prebuilt/linux-x86_64/sysroot/usr/lib/x86_64-linux-android -L/home/bingo/Android/Sdk/ndk/25.0.8775105/toolchains/llvm/prebuilt/linux-x86_64/sysroot/usr/lib --build-id=sha1 --no-rosegment --fatal-warnings --gc-sections --no-undefined --gc-sections CMakeFiles/cmTC_eaa59.dir/CMakeCXXCompilerABI.cpp.o -Bstatic -lc++ -Bdynamic -lm /home/bingo/Android/Sdk/ndk/25.0.8775105/toolchains/llvm/prebuilt/linux-x86_64/lib64/clang/14.0.6/lib/linux/libclang_rt.builtins-x86_64-android.a -l:libunwind.a -ldl -lc /home/bingo/Android/Sdk/ndk/25.0.8775105/toolchains/llvm/prebuilt/linux-x86_64/lib64/clang/14.0.6/lib/linux/libclang_rt.builtins-x86_64-android.a -l:libunwind.a -ldl /home/bingo/Android/Sdk/ndk/25.0.8775105/toolchains/llvm/prebuilt/linux-x86_64/sysroot/usr/lib/x86_64-linux-android/24/crtend_android.o


Parsed CXX implicit link information from above output:
  link line regex: [^( *|.*[/\])(CMAKE_LINKER-NOTFOUND|CMAKE_LINK_STARTFILE-NOTFOUND|([^/\]+-)?ld|collect2)[^/\]*( |$)]
  ignore line: [Change Dir: /home/bingo/Public/AS2/NCNN/app/.cxx/Debug/2169x1k5/x86_64/CMakeFiles/CMakeTmp]
  ignore line: []
  ignore line: [Run Build Command:"/home/bingo/Android/Sdk/cmake/3.10.2.4988404/bin/ninja" "cmTC_eaa59"]
  ignore line: [[1/2] Building CXX object CMakeFiles/cmTC_eaa59.dir/CMakeCXXCompilerABI.cpp.o]
  ignore line: [[2/2] Linking CXX executable cmTC_eaa59]
  ignore line: [Android (8490178, based on r450784d) clang version 14.0.6 (https://android.googlesource.com/toolchain/llvm-project 4c603efb0cca074e9238af8b4106c30add4418f6)]
  ignore line: [Target: x86_64-none-linux-android24]
  ignore line: [Thread model: posix]
  ignore line: [InstalledDir: /home/bingo/Android/Sdk/ndk/25.0.8775105/toolchains/llvm/prebuilt/linux-x86_64/bin]
  ignore line: [Found CUDA installation: /usr/local/cuda-11.7, version ]
  link line: [ "/home/bingo/Android/Sdk/ndk/25.0.8775105/toolchains/llvm/prebuilt/linux-x86_64/bin/ld" --sysroot=/home/bingo/Android/Sdk/ndk/25.0.8775105/toolchains/llvm/prebuilt/linux-x86_64/sysroot -pie --warn-shared-textrel -z now -z relro --hash-style=gnu --enable-new-dtags --eh-frame-hdr -m elf_x86_64 -dynamic-linker /system/bin/linker64 -o cmTC_eaa59 /home/bingo/Android/Sdk/ndk/25.0.8775105/toolchains/llvm/prebuilt/linux-x86_64/sysroot/usr/lib/x86_64-linux-android/24/crtbegin_dynamic.o -L/home/bingo/Android/Sdk/ndk/25.0.8775105/toolchains/llvm/prebuilt/linux-x86_64/lib64/clang/14.0.6/lib/linux/x86_64 -L/home/bingo/Android/Sdk/ndk/25.0.8775105/toolchains/llvm/prebuilt/linux-x86_64/sysroot/usr/lib/x86_64-linux-android/24 -L/home/bingo/Android/Sdk/ndk/25.0.8775105/toolchains/llvm/prebuilt/linux-x86_64/sysroot/usr/lib/x86_64-linux-android -L/home/bingo/Android/Sdk/ndk/25.0.8775105/toolchains/llvm/prebuilt/linux-x86_64/sysroot/usr/lib --build-id=sha1 --no-rosegment --fatal-warnings --gc-sections --no-undefined --gc-sections CMakeFiles/cmTC_eaa59.dir/CMakeCXXCompilerABI.cpp.o -Bstatic -lc++ -Bdynamic -lm /home/bingo/Android/Sdk/ndk/25.0.8775105/toolchains/llvm/prebuilt/linux-x86_64/lib64/clang/14.0.6/lib/linux/libclang_rt.builtins-x86_64-android.a -l:libunwind.a -ldl -lc /home/bingo/Android/Sdk/ndk/25.0.8775105/toolchains/llvm/prebuilt/linux-x86_64/lib64/clang/14.0.6/lib/linux/libclang_rt.builtins-x86_64-android.a -l:libunwind.a -ldl /home/bingo/Android/Sdk/ndk/25.0.8775105/toolchains/llvm/prebuilt/linux-x86_64/sysroot/usr/lib/x86_64-linux-android/24/crtend_android.o]
    arg [/home/bingo/Android/Sdk/ndk/25.0.8775105/toolchains/llvm/prebuilt/linux-x86_64/bin/ld] ==> ignore
    arg [--sysroot=/home/bingo/Android/Sdk/ndk/25.0.8775105/toolchains/llvm/prebuilt/linux-x86_64/sysroot] ==> ignore
    arg [-pie] ==> ignore
    arg [--warn-shared-textrel] ==> ignore
    arg [-znow] ==> ignore
    arg [-zrelro] ==> ignore
    arg [--hash-style=gnu] ==> ignore
    arg [--enable-new-dtags] ==> ignore
    arg [--eh-frame-hdr] ==> ignore
    arg [-m] ==> ignore
    arg [elf_x86_64] ==> ignore
    arg [-dynamic-linker] ==> ignore
    arg [/system/bin/linker64] ==> ignore
    arg [-o] ==> ignore
    arg [cmTC_eaa59] ==> ignore
    arg [/home/bingo/Android/Sdk/ndk/25.0.8775105/toolchains/llvm/prebuilt/linux-x86_64/sysroot/usr/lib/x86_64-linux-android/24/crtbegin_dynamic.o] ==> ignore
    arg [-L/home/bingo/Android/Sdk/ndk/25.0.8775105/toolchains/llvm/prebuilt/linux-x86_64/lib64/clang/14.0.6/lib/linux/x86_64] ==> dir [/home/bingo/Android/Sdk/ndk/25.0.8775105/toolchains/llvm/prebuilt/linux-x86_64/lib64/clang/14.0.6/lib/linux/x86_64]
    arg [-L/home/bingo/Android/Sdk/ndk/25.0.8775105/toolchains/llvm/prebuilt/linux-x86_64/sysroot/usr/lib/x86_64-linux-android/24] ==> dir [/home/bingo/Android/Sdk/ndk/25.0.8775105/toolchains/llvm/prebuilt/linux-x86_64/sysroot/usr/lib/x86_64-linux-android/24]
    arg [-L/home/bingo/Android/Sdk/ndk/25.0.8775105/toolchains/llvm/prebuilt/linux-x86_64/sysroot/usr/lib/x86_64-linux-android] ==> dir [/home/bingo/Android/Sdk/ndk/25.0.8775105/toolchains/llvm/prebuilt/linux-x86_64/sysroot/usr/lib/x86_64-linux-android]
    arg [-L/home/bingo/Android/Sdk/ndk/25.0.8775105/toolchains/llvm/prebuilt/linux-x86_64/sysroot/usr/lib] ==> dir [/home/bingo/Android/Sdk/ndk/25.0.8775105/toolchains/llvm/prebuilt/linux-x86_64/sysroot/usr/lib]
    arg [--build-id=sha1] ==> ignore
    arg [--no-rosegment] ==> ignore
    arg [--fatal-warnings] ==> ignore
    arg [--gc-sections] ==> ignore
    arg [--no-undefined] ==> ignore
    arg [--gc-sections] ==> ignore
    arg [CMakeFiles/cmTC_eaa59.dir/CMakeCXXCompilerABI.cpp.o] ==> ignore
    arg [-Bstatic] ==> ignore
    arg [-lc++] ==> lib [c++]
    arg [-Bdynamic] ==> ignore
    arg [-lm] ==> lib [m]
    arg [/home/bingo/Android/Sdk/ndk/25.0.8775105/toolchains/llvm/prebuilt/linux-x86_64/lib64/clang/14.0.6/lib/linux/libclang_rt.builtins-x86_64-android.a] ==> lib [/home/bingo/Android/Sdk/ndk/25.0.8775105/toolchains/llvm/prebuilt/linux-x86_64/lib64/clang/14.0.6/lib/linux/libclang_rt.builtins-x86_64-android.a]
    arg [-l:libunwind.a] ==> lib [-l:libunwind.a]
    arg [-ldl] ==> lib [dl]
    arg [-lc] ==> lib [c]
    arg [/home/bingo/Android/Sdk/ndk/25.0.8775105/toolchains/llvm/prebuilt/linux-x86_64/lib64/clang/14.0.6/lib/linux/libclang_rt.builtins-x86_64-android.a] ==> lib [/home/bingo/Android/Sdk/ndk/25.0.8775105/toolchains/llvm/prebuilt/linux-x86_64/lib64/clang/14.0.6/lib/linux/libclang_rt.builtins-x86_64-android.a]
    arg [-l:libunwind.a] ==> lib [-l:libunwind.a]
    arg [-ldl] ==> lib [dl]
    arg [/home/bingo/Android/Sdk/ndk/25.0.8775105/toolchains/llvm/prebuilt/linux-x86_64/sysroot/usr/lib/x86_64-linux-android/24/crtend_android.o] ==> ignore
  remove lib [/home/bingo/Android/Sdk/ndk/25.0.8775105/toolchains/llvm/prebuilt/linux-x86_64/lib64/clang/14.0.6/lib/linux/libclang_rt.builtins-x86_64-android.a]
  remove lib [/home/bingo/Android/Sdk/ndk/25.0.8775105/toolchains/llvm/prebuilt/linux-x86_64/lib64/clang/14.0.6/lib/linux/libclang_rt.builtins-x86_64-android.a]
  collapse library dir [/home/bingo/Android/Sdk/ndk/25.0.8775105/toolchains/llvm/prebuilt/linux-x86_64/lib64/clang/14.0.6/lib/linux/x86_64] ==> [/home/bingo/Android/Sdk/ndk/25.0.8775105/toolchains/llvm/prebuilt/linux-x86_64/lib64/clang/14.0.6/lib/linux/x86_64]
  collapse library dir [/home/bingo/Android/Sdk/ndk/25.0.8775105/toolchains/llvm/prebuilt/linux-x86_64/sysroot/usr/lib/x86_64-linux-android/24] ==> [/home/bingo/Android/Sdk/ndk/25.0.8775105/toolchains/llvm/prebuilt/linux-x86_64/sysroot/usr/lib/x86_64-linux-android/24]
  collapse library dir [/home/bingo/Android/Sdk/ndk/25.0.8775105/toolchains/llvm/prebuilt/linux-x86_64/sysroot/usr/lib/x86_64-linux-android] ==> [/home/bingo/Android/Sdk/ndk/25.0.8775105/toolchains/llvm/prebuilt/linux-x86_64/sysroot/usr/lib/x86_64-linux-android]
  collapse library dir [/home/bingo/Android/Sdk/ndk/25.0.8775105/toolchains/llvm/prebuilt/linux-x86_64/sysroot/usr/lib] ==> [/home/bingo/Android/Sdk/ndk/25.0.8775105/toolchains/llvm/prebuilt/linux-x86_64/sysroot/usr/lib]
  implicit libs: [c++;m;-l:libunwind.a;dl;c;-l:libunwind.a;dl]
  implicit dirs: [/home/bingo/Android/Sdk/ndk/25.0.8775105/toolchains/llvm/prebuilt/linux-x86_64/lib64/clang/14.0.6/lib/linux/x86_64;/home/bingo/Android/Sdk/ndk/25.0.8775105/toolchains/llvm/prebuilt/linux-x86_64/sysroot/usr/lib/x86_64-linux-android/24;/home/bingo/Android/Sdk/ndk/25.0.8775105/toolchains/llvm/prebuilt/linux-x86_64/sysroot/usr/lib/x86_64-linux-android;/home/bingo/Android/Sdk/ndk/25.0.8775105/toolchains/llvm/prebuilt/linux-x86_64/sysroot/usr/lib]
  implicit fwks: []




Detecting CXX [-std=c++1z] compiler features compiled with the following output:
Change Dir: /home/bingo/Public/AS2/NCNN/app/.cxx/Debug/2169x1k5/x86_64/CMakeFiles/CMakeTmp

Run Build Command:"/home/bingo/Android/Sdk/cmake/3.10.2.4988404/bin/ninja" "cmTC_6a001"
[1/2] Building CXX object CMakeFiles/cmTC_6a001.dir/feature_tests.cxx.o
[2/2] Linking CXX executable cmTC_6a001


    Feature record: CXX_FEATURE:1cxx_aggregate_default_initializers
    Feature record: CXX_FEATURE:1cxx_alias_templates
    Feature record: CXX_FEATURE:1cxx_alignas
    Feature record: CXX_FEATURE:1cxx_alignof
    Feature record: CXX_FEATURE:1cxx_attributes
    Feature record: CXX_FEATURE:1cxx_attribute_deprecated
    Feature record: CXX_FEATURE:1cxx_auto_type
    Feature record: CXX_FEATURE:1cxx_binary_literals
    Feature record: CXX_FEATURE:1cxx_constexpr
    Feature record: CXX_FEATURE:1cxx_contextual_conversions
    Feature record: CXX_FEATURE:1cxx_decltype
    Feature record: CXX_FEATURE:1cxx_decltype_auto
    Feature record: CXX_FEATURE:1cxx_decltype_incomplete_return_types
    Feature record: CXX_FEATURE:1cxx_default_function_template_args
    Feature record: CXX_FEATURE:1cxx_defaulted_functions
    Feature record: CXX_FEATURE:1cxx_defaulted_move_initializers
    Feature record: CXX_FEATURE:1cxx_delegating_constructors
    Feature record: CXX_FEATURE:1cxx_deleted_functions
    Feature record: CXX_FEATURE:1cxx_digit_separators
    Feature record: CXX_FEATURE:1cxx_enum_forward_declarations
    Feature record: CXX_FEATURE:1cxx_explicit_conversions
    Feature record: CXX_FEATURE:1cxx_extended_friend_declarations
    Feature record: CXX_FEATURE:1cxx_extern_templates
    Feature record: CXX_FEATURE:1cxx_final
    Feature record: CXX_FEATURE:1cxx_func_identifier
    Feature record: CXX_FEATURE:1cxx_generalized_initializers
    Feature record: CXX_FEATURE:1cxx_generic_lambdas
    Feature record: CXX_FEATURE:1cxx_inheriting_constructors
    Feature record: CXX_FEATURE:1cxx_inline_namespaces
    Feature record: CXX_FEATURE:1cxx_lambdas
    Feature record: CXX_FEATURE:1cxx_lambda_init_captures
    Feature record: CXX_FEATURE:1cxx_local_type_template_args
    Feature record: CXX_FEATURE:1cxx_long_long_type
    Feature record: CXX_FEATURE:1cxx_noexcept
    Feature record: CXX_FEATURE:1cxx_nonstatic_member_init
    Feature record: CXX_FEATURE:1cxx_nullptr
    Feature record: CXX_FEATURE:1cxx_override
    Feature record: CXX_FEATURE:1cxx_range_for
    Feature record: CXX_FEATURE:1cxx_raw_string_literals
    Feature record: CXX_FEATURE:1cxx_reference_qualified_functions
    Feature record: CXX_FEATURE:1cxx_relaxed_constexpr
    Feature record: CXX_FEATURE:1cxx_return_type_deduction
    Feature record: CXX_FEATURE:1cxx_right_angle_brackets
    Feature record: CXX_FEATURE:1cxx_rvalue_references
    Feature record: CXX_FEATURE:1cxx_sizeof_member
    Feature record: CXX_FEATURE:1cxx_static_assert
    Feature record: CXX_FEATURE:1cxx_strong_enums
    Feature record: CXX_FEATURE:1cxx_template_template_parameters
    Feature record: CXX_FEATURE:1cxx_thread_local
    Feature record: CXX_FEATURE:1cxx_trailing_return_types
    Feature record: CXX_FEATURE:1cxx_unicode_literals
    Feature record: CXX_FEATURE:1cxx_uniform_initialization
    Feature record: CXX_FEATURE:1cxx_unrestricted_unions
    Feature record: CXX_FEATURE:1cxx_user_literals
    Feature record: CXX_FEATURE:1cxx_variable_templates
    Feature record: CXX_FEATURE:1cxx_variadic_macros
    Feature record: CXX_FEATURE:1cxx_variadic_templates


Detecting CXX [-std=c++14] compiler features compiled with the following output:
Change Dir: /home/bingo/Public/AS2/NCNN/app/.cxx/Debug/2169x1k5/x86_64/CMakeFiles/CMakeTmp

Run Build Command:"/home/bingo/Android/Sdk/cmake/3.10.2.4988404/bin/ninja" "cmTC_73f4d"
[1/2] Building CXX object CMakeFiles/cmTC_73f4d.dir/feature_tests.cxx.o
[2/2] Linking CXX executable cmTC_73f4d


    Feature record: CXX_FEATURE:1cxx_aggregate_default_initializers
    Feature record: CXX_FEATURE:1cxx_alias_templates
    Feature record: CXX_FEATURE:1cxx_alignas
    Feature record: CXX_FEATURE:1cxx_alignof
    Feature record: CXX_FEATURE:1cxx_attributes
    Feature record: CXX_FEATURE:1cxx_attribute_deprecated
    Feature record: CXX_FEATURE:1cxx_auto_type
    Feature record: CXX_FEATURE:1cxx_binary_literals
    Feature record: CXX_FEATURE:1cxx_constexpr
    Feature record: CXX_FEATURE:1cxx_contextual_conversions
    Feature record: CXX_FEATURE:1cxx_decltype
    Feature record: CXX_FEATURE:1cxx_decltype_auto
    Feature record: CXX_FEATURE:1cxx_decltype_incomplete_return_types
    Feature record: CXX_FEATURE:1cxx_default_function_template_args
    Feature record: CXX_FEATURE:1cxx_defaulted_functions
    Feature record: CXX_FEATURE:1cxx_defaulted_move_initializers
    Feature record: CXX_FEATURE:1cxx_delegating_constructors
    Feature record: CXX_FEATURE:1cxx_deleted_functions
    Feature record: CXX_FEATURE:1cxx_digit_separators
    Feature record: CXX_FEATURE:1cxx_enum_forward_declarations
    Feature record: CXX_FEATURE:1cxx_explicit_conversions
    Feature record: CXX_FEATURE:1cxx_extended_friend_declarations
    Feature record: CXX_FEATURE:1cxx_extern_templates
    Feature record: CXX_FEATURE:1cxx_final
    Feature record: CXX_FEATURE:1cxx_func_identifier
    Feature record: CXX_FEATURE:1cxx_generalized_initializers
    Feature record: CXX_FEATURE:1cxx_generic_lambdas
    Feature record: CXX_FEATURE:1cxx_inheriting_constructors
    Feature record: CXX_FEATURE:1cxx_inline_namespaces
    Feature record: CXX_FEATURE:1cxx_lambdas
    Feature record: CXX_FEATURE:1cxx_lambda_init_captures
    Feature record: CXX_FEATURE:1cxx_local_type_template_args
    Feature record: CXX_FEATURE:1cxx_long_long_type
    Feature record: CXX_FEATURE:1cxx_noexcept
    Feature record: CXX_FEATURE:1cxx_nonstatic_member_init
    Feature record: CXX_FEATURE:1cxx_nullptr
    Feature record: CXX_FEATURE:1cxx_override
    Feature record: CXX_FEATURE:1cxx_range_for
    Feature record: CXX_FEATURE:1cxx_raw_string_literals
    Feature record: CXX_FEATURE:1cxx_reference_qualified_functions
    Feature record: CXX_FEATURE:1cxx_relaxed_constexpr
    Feature record: CXX_FEATURE:1cxx_return_type_deduction
    Feature record: CXX_FEATURE:1cxx_right_angle_brackets
    Feature record: CXX_FEATURE:1cxx_rvalue_references
    Feature record: CXX_FEATURE:1cxx_sizeof_member
    Feature record: CXX_FEATURE:1cxx_static_assert
    Feature record: CXX_FEATURE:1cxx_strong_enums
    Feature record: CXX_FEATURE:1cxx_template_template_parameters
    Feature record: CXX_FEATURE:1cxx_thread_local
    Feature record: CXX_FEATURE:1cxx_trailing_return_types
    Feature record: CXX_FEATURE:1cxx_unicode_literals
    Feature record: CXX_FEATURE:1cxx_uniform_initialization
    Feature record: CXX_FEATURE:1cxx_unrestricted_unions
    Feature record: CXX_FEATURE:1cxx_user_literals
    Feature record: CXX_FEATURE:1cxx_variable_templates
    Feature record: CXX_FEATURE:1cxx_variadic_macros
    Feature record: CXX_FEATURE:1cxx_variadic_templates


Detecting CXX [-std=c++11] compiler features compiled with the following output:
Change Dir: /home/bingo/Public/AS2/NCNN/app/.cxx/Debug/2169x1k5/x86_64/CMakeFiles/CMakeTmp

Run Build Command:"/home/bingo/Android/Sdk/cmake/3.10.2.4988404/bin/ninja" "cmTC_a7f8a"
[1/2] Building CXX object CMakeFiles/cmTC_a7f8a.dir/feature_tests.cxx.o
[2/2] Linking CXX executable cmTC_a7f8a


    Feature record: CXX_FEATURE:0cxx_aggregate_default_initializers
    Feature record: CXX_FEATURE:1cxx_alias_templates
    Feature record: CXX_FEATURE:1cxx_alignas
    Feature record: CXX_FEATURE:1cxx_alignof
    Feature record: CXX_FEATURE:1cxx_attributes
    Feature record: CXX_FEATURE:0cxx_attribute_deprecated
    Feature record: CXX_FEATURE:1cxx_auto_type
    Feature record: CXX_FEATURE:0cxx_binary_literals
    Feature record: CXX_FEATURE:1cxx_constexpr
    Feature record: CXX_FEATURE:0cxx_contextual_conversions
    Feature record: CXX_FEATURE:1cxx_decltype
    Feature record: CXX_FEATURE:0cxx_decltype_auto
    Feature record: CXX_FEATURE:1cxx_decltype_incomplete_return_types
    Feature record: CXX_FEATURE:1cxx_default_function_template_args
    Feature record: CXX_FEATURE:1cxx_defaulted_functions
    Feature record: CXX_FEATURE:1cxx_defaulted_move_initializers
    Feature record: CXX_FEATURE:1cxx_delegating_constructors
    Feature record: CXX_FEATURE:1cxx_deleted_functions
    Feature record: CXX_FEATURE:0cxx_digit_separators
    Feature record: CXX_FEATURE:1cxx_enum_forward_declarations
    Feature record: CXX_FEATURE:1cxx_explicit_conversions
    Feature record: CXX_FEATURE:1cxx_extended_friend_declarations
    Feature record: CXX_FEATURE:1cxx_extern_templates
    Feature record: CXX_FEATURE:1cxx_final
    Feature record: CXX_FEATURE:1cxx_func_identifier
    Feature record: CXX_FEATURE:1cxx_generalized_initializers
    Feature record: CXX_FEATURE:0cxx_generic_lambdas
    Feature record: CXX_FEATURE:1cxx_inheriting_constructors
    Feature record: CXX_FEATURE:1cxx_inline_namespaces
    Feature record: CXX_FEATURE:1cxx_lambdas
    Feature record: CXX_FEATURE:0cxx_lambda_init_captures
    Feature record: CXX_FEATURE:1cxx_local_type_template_args
    Feature record: CXX_FEATURE:1cxx_long_long_type
    Feature record: CXX_FEATURE:1cxx_noexcept
    Feature record: CXX_FEATURE:1cxx_nonstatic_member_init
    Feature record: CXX_FEATURE:1cxx_nullptr
    Feature record: CXX_FEATURE:1cxx_override
    Feature record: CXX_FEATURE:1cxx_range_for
    Feature record: CXX_FEATURE:1cxx_raw_string_literals
    Feature record: CXX_FEATURE:1cxx_reference_qualified_functions
    Feature record: CXX_FEATURE:0cxx_relaxed_constexpr
    Feature record: CXX_FEATURE:0cxx_return_type_deduction
    Feature record: CXX_FEATURE:1cxx_right_angle_brackets
    Feature record: CXX_FEATURE:1cxx_rvalue_references
    Feature record: CXX_FEATURE:1cxx_sizeof_member
    Feature record: CXX_FEATURE:1cxx_static_assert
    Feature record: CXX_FEATURE:1cxx_strong_enums
    Feature record: CXX_FEATURE:1cxx_template_template_parameters
    Feature record: CXX_FEATURE:1cxx_thread_local
    Feature record: CXX_FEATURE:1cxx_trailing_return_types
    Feature record: CXX_FEATURE:1cxx_unicode_literals
    Feature record: CXX_FEATURE:1cxx_uniform_initialization
    Feature record: CXX_FEATURE:1cxx_unrestricted_unions
    Feature record: CXX_FEATURE:1cxx_user_literals
    Feature record: CXX_FEATURE:0cxx_variable_templates
    Feature record: CXX_FEATURE:1cxx_variadic_macros
    Feature record: CXX_FEATURE:1cxx_variadic_templates


Detecting CXX [-std=c++98] compiler features compiled with the following output:
Change Dir: /home/bingo/Public/AS2/NCNN/app/.cxx/Debug/2169x1k5/x86_64/CMakeFiles/CMakeTmp

Run Build Command:"/home/bingo/Android/Sdk/cmake/3.10.2.4988404/bin/ninja" "cmTC_545fe"
[1/2] Building CXX object CMakeFiles/cmTC_545fe.dir/feature_tests.cxx.o
[2/2] Linking CXX executable cmTC_545fe


    Feature record: CXX_FEATURE:0cxx_aggregate_default_initializers
    Feature record: CXX_FEATURE:0cxx_alias_templates
    Feature record: CXX_FEATURE:0cxx_alignas
    Feature record: CXX_FEATURE:0cxx_alignof
    Feature record: CXX_FEATURE:0cxx_attributes
    Feature record: CXX_FEATURE:0cxx_attribute_deprecated
    Feature record: CXX_FEATURE:0cxx_auto_type
    Feature record: CXX_FEATURE:0cxx_binary_literals
    Feature record: CXX_FEATURE:0cxx_constexpr
    Feature record: CXX_FEATURE:0cxx_contextual_conversions
    Feature record: CXX_FEATURE:0cxx_decltype
    Feature record: CXX_FEATURE:0cxx_decltype_auto
    Feature record: CXX_FEATURE:0cxx_decltype_incomplete_return_types
    Feature record: CXX_FEATURE:0cxx_default_function_template_args
    Feature record: CXX_FEATURE:0cxx_defaulted_functions
    Feature record: CXX_FEATURE:0cxx_defaulted_move_initializers
    Feature record: CXX_FEATURE:0cxx_delegating_constructors
    Feature record: CXX_FEATURE:0cxx_deleted_functions
    Feature record: CXX_FEATURE:0cxx_digit_separators
    Feature record: CXX_FEATURE:0cxx_enum_forward_declarations
    Feature record: CXX_FEATURE:0cxx_explicit_conversions
    Feature record: CXX_FEATURE:0cxx_extended_friend_declarations
    Feature record: CXX_FEATURE:0cxx_extern_templates
    Feature record: CXX_FEATURE:0cxx_final
    Feature record: CXX_FEATURE:0cxx_func_identifier
    Feature record: CXX_FEATURE:0cxx_generalized_initializers
    Feature record: CXX_FEATURE:0cxx_generic_lambdas
    Feature record: CXX_FEATURE:0cxx_inheriting_constructors
    Feature record: CXX_FEATURE:0cxx_inline_namespaces
    Feature record: CXX_FEATURE:0cxx_lambdas
    Feature record: CXX_FEATURE:0cxx_lambda_init_captures
    Feature record: CXX_FEATURE:0cxx_local_type_template_args
    Feature record: CXX_FEATURE:0cxx_long_long_type
    Feature record: CXX_FEATURE:0cxx_noexcept
    Feature record: CXX_FEATURE:0cxx_nonstatic_member_init
    Feature record: CXX_FEATURE:0cxx_nullptr
    Feature record: CXX_FEATURE:0cxx_override
    Feature record: CXX_FEATURE:0cxx_range_for
    Feature record: CXX_FEATURE:0cxx_raw_string_literals
    Feature record: CXX_FEATURE:0cxx_reference_qualified_functions
    Feature record: CXX_FEATURE:0cxx_relaxed_constexpr
    Feature record: CXX_FEATURE:0cxx_return_type_deduction
    Feature record: CXX_FEATURE:0cxx_right_angle_brackets
    Feature record: CXX_FEATURE:0cxx_rvalue_references
    Feature record: CXX_FEATURE:0cxx_sizeof_member
    Feature record: CXX_FEATURE:0cxx_static_assert
    Feature record: CXX_FEATURE:0cxx_strong_enums
    Feature record: CXX_FEATURE:1cxx_template_template_parameters
    Feature record: CXX_FEATURE:0cxx_thread_local
    Feature record: CXX_FEATURE:0cxx_trailing_return_types
    Feature record: CXX_FEATURE:0cxx_unicode_literals
    Feature record: CXX_FEATURE:0cxx_uniform_initialization
    Feature record: CXX_FEATURE:0cxx_unrestricted_unions
    Feature record: CXX_FEATURE:0cxx_user_literals
    Feature record: CXX_FEATURE:0cxx_variable_templates
    Feature record: CXX_FEATURE:0cxx_variadic_macros
    Feature record: CXX_FEATURE:0cxx_variadic_templates
Detecting C OpenMP compiler ABI info compiled with the following output:
Change Dir: /home/bingo/Public/AS2/NCNN/app/.cxx/Debug/2169x1k5/x86_64/CMakeFiles/CMakeTmp

Run Build Command:"/home/bingo/Android/Sdk/cmake/3.10.2.4988404/bin/ninja" "cmTC_3b8fc"
[1/2] Building C object CMakeFiles/cmTC_3b8fc.dir/OpenMPTryFlag.c.o
Android (8490178, based on r450784d) clang version 14.0.6 (https://android.googlesource.com/toolchain/llvm-project 4c603efb0cca074e9238af8b4106c30add4418f6)
Target: x86_64-none-linux-android24
Thread model: posix
InstalledDir: /home/bingo/Android/Sdk/ndk/25.0.8775105/toolchains/llvm/prebuilt/linux-x86_64/bin
Found CUDA installation: /usr/local/cuda-11.7, version 
 (in-process)
 "/home/bingo/Android/Sdk/ndk/25.0.8775105/toolchains/llvm/prebuilt/linux-x86_64/bin/clang" -cc1 -triple x86_64-none-linux-android24 -emit-obj -mrelax-all --mrelax-relocations -disable-free -clear-ast-before-backend -disable-llvm-verifier -discard-value-names -main-file-name OpenMPTryFlag.c -mrelocation-model pic -pic-level 2 -pic-is-pie -mframe-pointer=all -ffp-contract=on -fno-rounding-math -mconstructor-aliases -funwind-tables=2 -target-cpu x86-64 -target-feature +sse4.2 -target-feature +popcnt -target-feature +cx16 -tune-cpu generic -mllvm -treat-scalable-fixed-error-as-warning -debug-info-kind=constructor -dwarf-version=4 -debugger-tuning=gdb -v -ffunction-sections -fdata-sections -fcoverage-compilation-dir=/home/bingo/Public/AS2/NCNN/app/.cxx/Debug/2169x1k5/x86_64/CMakeFiles/CMakeTmp -resource-dir /home/bingo/Android/Sdk/ndk/25.0.8775105/toolchains/llvm/prebuilt/linux-x86_64/lib64/clang/14.0.6 -D ANDROID -D _FORTIFY_SOURCE=2 -isysroot /home/bingo/Android/Sdk/ndk/25.0.8775105/toolchains/llvm/prebuilt/linux-x86_64/sysroot -internal-isystem /home/bingo/Android/Sdk/ndk/25.0.8775105/toolchains/llvm/prebuilt/linux-x86_64/lib64/clang/14.0.6/include -internal-isystem /home/bingo/Android/Sdk/ndk/25.0.8775105/toolchains/llvm/prebuilt/linux-x86_64/sysroot/usr/local/include -internal-externc-isystem /home/bingo/Android/Sdk/ndk/25.0.8775105/toolchains/llvm/prebuilt/linux-x86_64/sysroot/usr/include/x86_64-linux-android -internal-externc-isystem /home/bingo/Android/Sdk/ndk/25.0.8775105/toolchains/llvm/prebuilt/linux-x86_64/sysroot/include -internal-externc-isystem /home/bingo/Android/Sdk/ndk/25.0.8775105/toolchains/llvm/prebuilt/linux-x86_64/sysroot/usr/include -Wformat -Werror=format-security -fdebug-compilation-dir=/home/bingo/Public/AS2/NCNN/app/.cxx/Debug/2169x1k5/x86_64/CMakeFiles/CMakeTmp -ferror-limit 19 -fopenmp -fopenmp-target-new-runtime -stack-protector 2 -fgnuc-version=4.2.1 -D__GCC_HAVE_DWARF2_CFI_ASM=1 -o CMakeFiles/cmTC_3b8fc.dir/OpenMPTryFlag.c.o -x c /home/bingo/Public/AS2/NCNN/app/.cxx/Debug/2169x1k5/x86_64/CMakeFiles/FindOpenMP/OpenMPTryFlag.c
clang -cc1 version 14.0.6 based upon LLVM 14.0.6git default target x86_64-unknown-linux-gnu
ignoring nonexistent directory "/home/bingo/Android/Sdk/ndk/25.0.8775105/toolchains/llvm/prebuilt/linux-x86_64/sysroot/include"
#include "..." search starts here:
#include <...> search starts here:
 /home/bingo/Android/Sdk/ndk/25.0.8775105/toolchains/llvm/prebuilt/linux-x86_64/lib64/clang/14.0.6/include
 /home/bingo/Android/Sdk/ndk/25.0.8775105/toolchains/llvm/prebuilt/linux-x86_64/sysroot/usr/local/include
 /home/bingo/Android/Sdk/ndk/25.0.8775105/toolchains/llvm/prebuilt/linux-x86_64/sysroot/usr/include/x86_64-linux-android
 /home/bingo/Android/Sdk/ndk/25.0.8775105/toolchains/llvm/prebuilt/linux-x86_64/sysroot/usr/include
End of search list.
[2/2] Linking C executable cmTC_3b8fc
Android (8490178, based on r450784d) clang version 14.0.6 (https://android.googlesource.com/toolchain/llvm-project 4c603efb0cca074e9238af8b4106c30add4418f6)
Target: x86_64-none-linux-android24
Thread model: posix
InstalledDir: /home/bingo/Android/Sdk/ndk/25.0.8775105/toolchains/llvm/prebuilt/linux-x86_64/bin
Found CUDA installation: /usr/local/cuda-11.7, version 
 "/home/bingo/Android/Sdk/ndk/25.0.8775105/toolchains/llvm/prebuilt/linux-x86_64/bin/ld" --sysroot=/home/bingo/Android/Sdk/ndk/25.0.8775105/toolchains/llvm/prebuilt/linux-x86_64/sysroot -pie --warn-shared-textrel -z now -z relro --hash-style=gnu --enable-new-dtags --eh-frame-hdr -m elf_x86_64 -dynamic-linker /system/bin/linker64 -o cmTC_3b8fc /home/bingo/Android/Sdk/ndk/25.0.8775105/toolchains/llvm/prebuilt/linux-x86_64/sysroot/usr/lib/x86_64-linux-android/24/crtbegin_dynamic.o -L/home/bingo/Android/Sdk/ndk/25.0.8775105/toolchains/llvm/prebuilt/linux-x86_64/lib64/clang/14.0.6/lib/linux/x86_64 -L/home/bingo/Android/Sdk/ndk/25.0.8775105/toolchains/llvm/prebuilt/linux-x86_64/sysroot/usr/lib/x86_64-linux-android/24 -L/home/bingo/Android/Sdk/ndk/25.0.8775105/toolchains/llvm/prebuilt/linux-x86_64/sysroot/usr/lib/x86_64-linux-android -L/home/bingo/Android/Sdk/ndk/25.0.8775105/toolchains/llvm/prebuilt/linux-x86_64/sysroot/usr/lib --build-id=sha1 --no-rosegment --fatal-warnings --gc-sections --no-undefined --gc-sections CMakeFiles/cmTC_3b8fc.dir/OpenMPTryFlag.c.o -latomic -lm -lomp /home/bingo/Android/Sdk/ndk/25.0.8775105/toolchains/llvm/prebuilt/linux-x86_64/lib64/clang/14.0.6/lib/linux/libclang_rt.builtins-x86_64-android.a -l:libunwind.a -ldl -lc /home/bingo/Android/Sdk/ndk/25.0.8775105/toolchains/llvm/prebuilt/linux-x86_64/lib64/clang/14.0.6/lib/linux/libclang_rt.builtins-x86_64-android.a -l:libunwind.a -ldl /home/bingo/Android/Sdk/ndk/25.0.8775105/toolchains/llvm/prebuilt/linux-x86_64/sysroot/usr/lib/x86_64-linux-android/24/crtend_android.o


Parsed C OpenMP implicit link information from above output:
  link line regex: [^( *|.*[/\])(CMAKE_LINKER-NOTFOUND|CMAKE_LINK_STARTFILE-NOTFOUND|([^/\]+-)?ld|collect2)[^/\]*( |$)]
  ignore line: [Change Dir: /home/bingo/Public/AS2/NCNN/app/.cxx/Debug/2169x1k5/x86_64/CMakeFiles/CMakeTmp]
  ignore line: []
  ignore line: [Run Build Command:"/home/bingo/Android/Sdk/cmake/3.10.2.4988404/bin/ninja" "cmTC_3b8fc"]
  ignore line: [[1/2] Building C object CMakeFiles/cmTC_3b8fc.dir/OpenMPTryFlag.c.o]
  ignore line: [Android (8490178, based on r450784d) clang version 14.0.6 (https://android.googlesource.com/toolchain/llvm-project 4c603efb0cca074e9238af8b4106c30add4418f6)]
  ignore line: [Target: x86_64-none-linux-android24]
  ignore line: [Thread model: posix]
  ignore line: [InstalledDir: /home/bingo/Android/Sdk/ndk/25.0.8775105/toolchains/llvm/prebuilt/linux-x86_64/bin]
  ignore line: [Found CUDA installation: /usr/local/cuda-11.7, version ]
  ignore line: [ (in-process)]
  ignore line: [ "/home/bingo/Android/Sdk/ndk/25.0.8775105/toolchains/llvm/prebuilt/linux-x86_64/bin/clang" -cc1 -triple x86_64-none-linux-android24 -emit-obj -mrelax-all --mrelax-relocations -disable-free -clear-ast-before-backend -disable-llvm-verifier -discard-value-names -main-file-name OpenMPTryFlag.c -mrelocation-model pic -pic-level 2 -pic-is-pie -mframe-pointer=all -ffp-contract=on -fno-rounding-math -mconstructor-aliases -funwind-tables=2 -target-cpu x86-64 -target-feature +sse4.2 -target-feature +popcnt -target-feature +cx16 -tune-cpu generic -mllvm -treat-scalable-fixed-error-as-warning -debug-info-kind=constructor -dwarf-version=4 -debugger-tuning=gdb -v -ffunction-sections -fdata-sections -fcoverage-compilation-dir=/home/bingo/Public/AS2/NCNN/app/.cxx/Debug/2169x1k5/x86_64/CMakeFiles/CMakeTmp -resource-dir /home/bingo/Android/Sdk/ndk/25.0.8775105/toolchains/llvm/prebuilt/linux-x86_64/lib64/clang/14.0.6 -D ANDROID -D _FORTIFY_SOURCE=2 -isysroot /home/bingo/Android/Sdk/ndk/25.0.8775105/toolchains/llvm/prebuilt/linux-x86_64/sysroot -internal-isystem /home/bingo/Android/Sdk/ndk/25.0.8775105/toolchains/llvm/prebuilt/linux-x86_64/lib64/clang/14.0.6/include -internal-isystem /home/bingo/Android/Sdk/ndk/25.0.8775105/toolchains/llvm/prebuilt/linux-x86_64/sysroot/usr/local/include -internal-externc-isystem /home/bingo/Android/Sdk/ndk/25.0.8775105/toolchains/llvm/prebuilt/linux-x86_64/sysroot/usr/include/x86_64-linux-android -internal-externc-isystem /home/bingo/Android/Sdk/ndk/25.0.8775105/toolchains/llvm/prebuilt/linux-x86_64/sysroot/include -internal-externc-isystem /home/bingo/Android/Sdk/ndk/25.0.8775105/toolchains/llvm/prebuilt/linux-x86_64/sysroot/usr/include -Wformat -Werror=format-security -fdebug-compilation-dir=/home/bingo/Public/AS2/NCNN/app/.cxx/Debug/2169x1k5/x86_64/CMakeFiles/CMakeTmp -ferror-limit 19 -fopenmp -fopenmp-target-new-runtime -stack-protector 2 -fgnuc-version=4.2.1 -D__GCC_HAVE_DWARF2_CFI_ASM=1 -o CMakeFiles/cmTC_3b8fc.dir/OpenMPTryFlag.c.o -x c /home/bingo/Public/AS2/NCNN/app/.cxx/Debug/2169x1k5/x86_64/CMakeFiles/FindOpenMP/OpenMPTryFlag.c]
  ignore line: [clang -cc1 version 14.0.6 based upon LLVM 14.0.6git default target x86_64-unknown-linux-gnu]
  ignore line: [ignoring nonexistent directory "/home/bingo/Android/Sdk/ndk/25.0.8775105/toolchains/llvm/prebuilt/linux-x86_64/sysroot/include"]
  ignore line: [#include "..." search starts here:]
  ignore line: [#include <...> search starts here:]
  ignore line: [ /home/bingo/Android/Sdk/ndk/25.0.8775105/toolchains/llvm/prebuilt/linux-x86_64/lib64/clang/14.0.6/include]
  ignore line: [ /home/bingo/Android/Sdk/ndk/25.0.8775105/toolchains/llvm/prebuilt/linux-x86_64/sysroot/usr/local/include]
  ignore line: [ /home/bingo/Android/Sdk/ndk/25.0.8775105/toolchains/llvm/prebuilt/linux-x86_64/sysroot/usr/include/x86_64-linux-android]
  ignore line: [ /home/bingo/Android/Sdk/ndk/25.0.8775105/toolchains/llvm/prebuilt/linux-x86_64/sysroot/usr/include]
  ignore line: [End of search list.]
  ignore line: [[2/2] Linking C executable cmTC_3b8fc]
  ignore line: [Android (8490178, based on r450784d) clang version 14.0.6 (https://android.googlesource.com/toolchain/llvm-project 4c603efb0cca074e9238af8b4106c30add4418f6)]
  ignore line: [Target: x86_64-none-linux-android24]
  ignore line: [Thread model: posix]
  ignore line: [InstalledDir: /home/bingo/Android/Sdk/ndk/25.0.8775105/toolchains/llvm/prebuilt/linux-x86_64/bin]
  ignore line: [Found CUDA installation: /usr/local/cuda-11.7, version ]
  link line: [ "/home/bingo/Android/Sdk/ndk/25.0.8775105/toolchains/llvm/prebuilt/linux-x86_64/bin/ld" --sysroot=/home/bingo/Android/Sdk/ndk/25.0.8775105/toolchains/llvm/prebuilt/linux-x86_64/sysroot -pie --warn-shared-textrel -z now -z relro --hash-style=gnu --enable-new-dtags --eh-frame-hdr -m elf_x86_64 -dynamic-linker /system/bin/linker64 -o cmTC_3b8fc /home/bingo/Android/Sdk/ndk/25.0.8775105/toolchains/llvm/prebuilt/linux-x86_64/sysroot/usr/lib/x86_64-linux-android/24/crtbegin_dynamic.o -L/home/bingo/Android/Sdk/ndk/25.0.8775105/toolchains/llvm/prebuilt/linux-x86_64/lib64/clang/14.0.6/lib/linux/x86_64 -L/home/bingo/Android/Sdk/ndk/25.0.8775105/toolchains/llvm/prebuilt/linux-x86_64/sysroot/usr/lib/x86_64-linux-android/24 -L/home/bingo/Android/Sdk/ndk/25.0.8775105/toolchains/llvm/prebuilt/linux-x86_64/sysroot/usr/lib/x86_64-linux-android -L/home/bingo/Android/Sdk/ndk/25.0.8775105/toolchains/llvm/prebuilt/linux-x86_64/sysroot/usr/lib --build-id=sha1 --no-rosegment --fatal-warnings --gc-sections --no-undefined --gc-sections CMakeFiles/cmTC_3b8fc.dir/OpenMPTryFlag.c.o -latomic -lm -lomp /home/bingo/Android/Sdk/ndk/25.0.8775105/toolchains/llvm/prebuilt/linux-x86_64/lib64/clang/14.0.6/lib/linux/libclang_rt.builtins-x86_64-android.a -l:libunwind.a -ldl -lc /home/bingo/Android/Sdk/ndk/25.0.8775105/toolchains/llvm/prebuilt/linux-x86_64/lib64/clang/14.0.6/lib/linux/libclang_rt.builtins-x86_64-android.a -l:libunwind.a -ldl /home/bingo/Android/Sdk/ndk/25.0.8775105/toolchains/llvm/prebuilt/linux-x86_64/sysroot/usr/lib/x86_64-linux-android/24/crtend_android.o]
    arg [/home/bingo/Android/Sdk/ndk/25.0.8775105/toolchains/llvm/prebuilt/linux-x86_64/bin/ld] ==> ignore
    arg [--sysroot=/home/bingo/Android/Sdk/ndk/25.0.8775105/toolchains/llvm/prebuilt/linux-x86_64/sysroot] ==> ignore
    arg [-pie] ==> ignore
    arg [--warn-shared-textrel] ==> ignore
    arg [-znow] ==> ignore
    arg [-zrelro] ==> ignore
    arg [--hash-style=gnu] ==> ignore
    arg [--enable-new-dtags] ==> ignore
    arg [--eh-frame-hdr] ==> ignore
    arg [-m] ==> ignore
    arg [elf_x86_64] ==> ignore
    arg [-dynamic-linker] ==> ignore
    arg [/system/bin/linker64] ==> ignore
    arg [-o] ==> ignore
    arg [cmTC_3b8fc] ==> ignore
    arg [/home/bingo/Android/Sdk/ndk/25.0.8775105/toolchains/llvm/prebuilt/linux-x86_64/sysroot/usr/lib/x86_64-linux-android/24/crtbegin_dynamic.o] ==> ignore
    arg [-L/home/bingo/Android/Sdk/ndk/25.0.8775105/toolchains/llvm/prebuilt/linux-x86_64/lib64/clang/14.0.6/lib/linux/x86_64] ==> dir [/home/bingo/Android/Sdk/ndk/25.0.8775105/toolchains/llvm/prebuilt/linux-x86_64/lib64/clang/14.0.6/lib/linux/x86_64]
    arg [-L/home/bingo/Android/Sdk/ndk/25.0.8775105/toolchains/llvm/prebuilt/linux-x86_64/sysroot/usr/lib/x86_64-linux-android/24] ==> dir [/home/bingo/Android/Sdk/ndk/25.0.8775105/toolchains/llvm/prebuilt/linux-x86_64/sysroot/usr/lib/x86_64-linux-android/24]
    arg [-L/home/bingo/Android/Sdk/ndk/25.0.8775105/toolchains/llvm/prebuilt/linux-x86_64/sysroot/usr/lib/x86_64-linux-android] ==> dir [/home/bingo/Android/Sdk/ndk/25.0.8775105/toolchains/llvm/prebuilt/linux-x86_64/sysroot/usr/lib/x86_64-linux-android]
    arg [-L/home/bingo/Android/Sdk/ndk/25.0.8775105/toolchains/llvm/prebuilt/linux-x86_64/sysroot/usr/lib] ==> dir [/home/bingo/Android/Sdk/ndk/25.0.8775105/toolchains/llvm/prebuilt/linux-x86_64/sysroot/usr/lib]
    arg [--build-id=sha1] ==> ignore
    arg [--no-rosegment] ==> ignore
    arg [--fatal-warnings] ==> ignore
    arg [--gc-sections] ==> ignore
    arg [--no-undefined] ==> ignore
    arg [--gc-sections] ==> ignore
    arg [CMakeFiles/cmTC_3b8fc.dir/OpenMPTryFlag.c.o] ==> ignore
    arg [-latomic] ==> lib [atomic]
    arg [-lm] ==> lib [m]
    arg [-lomp] ==> lib [omp]
    arg [/home/bingo/Android/Sdk/ndk/25.0.8775105/toolchains/llvm/prebuilt/linux-x86_64/lib64/clang/14.0.6/lib/linux/libclang_rt.builtins-x86_64-android.a] ==> lib [/home/bingo/Android/Sdk/ndk/25.0.8775105/toolchains/llvm/prebuilt/linux-x86_64/lib64/clang/14.0.6/lib/linux/libclang_rt.builtins-x86_64-android.a]
    arg [-l:libunwind.a] ==> lib [-l:libunwind.a]
    arg [-ldl] ==> lib [dl]
    arg [-lc] ==> lib [c]
    arg [/home/bingo/Android/Sdk/ndk/25.0.8775105/toolchains/llvm/prebuilt/linux-x86_64/lib64/clang/14.0.6/lib/linux/libclang_rt.builtins-x86_64-android.a] ==> lib [/home/bingo/Android/Sdk/ndk/25.0.8775105/toolchains/llvm/prebuilt/linux-x86_64/lib64/clang/14.0.6/lib/linux/libclang_rt.builtins-x86_64-android.a]
    arg [-l:libunwind.a] ==> lib [-l:libunwind.a]
    arg [-ldl] ==> lib [dl]
    arg [/home/bingo/Android/Sdk/ndk/25.0.8775105/toolchains/llvm/prebuilt/linux-x86_64/sysroot/usr/lib/x86_64-linux-android/24/crtend_android.o] ==> ignore
  remove lib [/home/bingo/Android/Sdk/ndk/25.0.8775105/toolchains/llvm/prebuilt/linux-x86_64/lib64/clang/14.0.6/lib/linux/libclang_rt.builtins-x86_64-android.a]
  remove lib [/home/bingo/Android/Sdk/ndk/25.0.8775105/toolchains/llvm/prebuilt/linux-x86_64/lib64/clang/14.0.6/lib/linux/libclang_rt.builtins-x86_64-android.a]
  collapse library dir [/home/bingo/Android/Sdk/ndk/25.0.8775105/toolchains/llvm/prebuilt/linux-x86_64/lib64/clang/14.0.6/lib/linux/x86_64] ==> [/home/bingo/Android/Sdk/ndk/25.0.8775105/toolchains/llvm/prebuilt/linux-x86_64/lib64/clang/14.0.6/lib/linux/x86_64]
  collapse library dir [/home/bingo/Android/Sdk/ndk/25.0.8775105/toolchains/llvm/prebuilt/linux-x86_64/sysroot/usr/lib/x86_64-linux-android/24] ==> [/home/bingo/Android/Sdk/ndk/25.0.8775105/toolchains/llvm/prebuilt/linux-x86_64/sysroot/usr/lib/x86_64-linux-android/24]
  collapse library dir [/home/bingo/Android/Sdk/ndk/25.0.8775105/toolchains/llvm/prebuilt/linux-x86_64/sysroot/usr/lib/x86_64-linux-android] ==> [/home/bingo/Android/Sdk/ndk/25.0.8775105/toolchains/llvm/prebuilt/linux-x86_64/sysroot/usr/lib/x86_64-linux-android]
  collapse library dir [/home/bingo/Android/Sdk/ndk/25.0.8775105/toolchains/llvm/prebuilt/linux-x86_64/sysroot/usr/lib] ==> [/home/bingo/Android/Sdk/ndk/25.0.8775105/toolchains/llvm/prebuilt/linux-x86_64/sysroot/usr/lib]
  implicit libs: [atomic;m;omp;-l:libunwind.a;dl;c;-l:libunwind.a;dl]
  implicit dirs: [/home/bingo/Android/Sdk/ndk/25.0.8775105/toolchains/llvm/prebuilt/linux-x86_64/lib64/clang/14.0.6/lib/linux/x86_64;/home/bingo/Android/Sdk/ndk/25.0.8775105/toolchains/llvm/prebuilt/linux-x86_64/sysroot/usr/lib/x86_64-linux-android/24;/home/bingo/Android/Sdk/ndk/25.0.8775105/toolchains/llvm/prebuilt/linux-x86_64/sysroot/usr/lib/x86_64-linux-android;/home/bingo/Android/Sdk/ndk/25.0.8775105/toolchains/llvm/prebuilt/linux-x86_64/sysroot/usr/lib]
  implicit fwks: []


Detecting CXX OpenMP compiler ABI info compiled with the following output:
Change Dir: /home/bingo/Public/AS2/NCNN/app/.cxx/Debug/2169x1k5/x86_64/CMakeFiles/CMakeTmp

Run Build Command:"/home/bingo/Android/Sdk/cmake/3.10.2.4988404/bin/ninja" "cmTC_fef09"
[1/2] Building CXX object CMakeFiles/cmTC_fef09.dir/OpenMPTryFlag.cpp.o
Android (8490178, based on r450784d) clang version 14.0.6 (https://android.googlesource.com/toolchain/llvm-project 4c603efb0cca074e9238af8b4106c30add4418f6)
Target: x86_64-none-linux-android24
Thread model: posix
InstalledDir: /home/bingo/Android/Sdk/ndk/25.0.8775105/toolchains/llvm/prebuilt/linux-x86_64/bin
Found CUDA installation: /usr/local/cuda-11.7, version 
 (in-process)
 "/home/bingo/Android/Sdk/ndk/25.0.8775105/toolchains/llvm/prebuilt/linux-x86_64/bin/clang++" -cc1 -triple x86_64-none-linux-android24 -emit-obj -mrelax-all --mrelax-relocations -disable-free -clear-ast-before-backend -disable-llvm-verifier -discard-value-names -main-file-name OpenMPTryFlag.cpp -mrelocation-model pic -pic-level 2 -pic-is-pie -mframe-pointer=all -ffp-contract=on -fno-rounding-math -mconstructor-aliases -funwind-tables=2 -target-cpu x86-64 -target-feature +sse4.2 -target-feature +popcnt -target-feature +cx16 -tune-cpu generic -mllvm -treat-scalable-fixed-error-as-warning -debug-info-kind=constructor -dwarf-version=4 -debugger-tuning=gdb -v -ffunction-sections -fdata-sections -fcoverage-compilation-dir=/home/bingo/Public/AS2/NCNN/app/.cxx/Debug/2169x1k5/x86_64/CMakeFiles/CMakeTmp -resource-dir /home/bingo/Android/Sdk/ndk/25.0.8775105/toolchains/llvm/prebuilt/linux-x86_64/lib64/clang/14.0.6 -D ANDROID -D _FORTIFY_SOURCE=2 -isysroot /home/bingo/Android/Sdk/ndk/25.0.8775105/toolchains/llvm/prebuilt/linux-x86_64/sysroot -internal-isystem /home/bingo/Android/Sdk/ndk/25.0.8775105/toolchains/llvm/prebuilt/linux-x86_64/sysroot/usr/include/c++/v1 -internal-isystem /home/bingo/Android/Sdk/ndk/25.0.8775105/toolchains/llvm/prebuilt/linux-x86_64/lib64/clang/14.0.6/include -internal-isystem /home/bingo/Android/Sdk/ndk/25.0.8775105/toolchains/llvm/prebuilt/linux-x86_64/sysroot/usr/local/include -internal-externc-isystem /home/bingo/Android/Sdk/ndk/25.0.8775105/toolchains/llvm/prebuilt/linux-x86_64/sysroot/usr/include/x86_64-linux-android -internal-externc-isystem /home/bingo/Android/Sdk/ndk/25.0.8775105/toolchains/llvm/prebuilt/linux-x86_64/sysroot/include -internal-externc-isystem /home/bingo/Android/Sdk/ndk/25.0.8775105/toolchains/llvm/prebuilt/linux-x86_64/sysroot/usr/include -Wformat -Werror=format-security -fdeprecated-macro -fdebug-compilation-dir=/home/bingo/Public/AS2/NCNN/app/.cxx/Debug/2169x1k5/x86_64/CMakeFiles/CMakeTmp -ferror-limit 19 -fopenmp -fopenmp-target-new-runtime -stack-protector 2 -fgnuc-version=4.2.1 -fcxx-exceptions -fexceptions -D__GCC_HAVE_DWARF2_CFI_ASM=1 -o CMakeFiles/cmTC_fef09.dir/OpenMPTryFlag.cpp.o -x c++ /home/bingo/Public/AS2/NCNN/app/.cxx/Debug/2169x1k5/x86_64/CMakeFiles/FindOpenMP/OpenMPTryFlag.cpp
clang -cc1 version 14.0.6 based upon LLVM 14.0.6git default target x86_64-unknown-linux-gnu
ignoring nonexistent directory "/home/bingo/Android/Sdk/ndk/25.0.8775105/toolchains/llvm/prebuilt/linux-x86_64/sysroot/include"
#include "..." search starts here:
#include <...> search starts here:
 /home/bingo/Android/Sdk/ndk/25.0.8775105/toolchains/llvm/prebuilt/linux-x86_64/sysroot/usr/include/c++/v1
 /home/bingo/Android/Sdk/ndk/25.0.8775105/toolchains/llvm/prebuilt/linux-x86_64/lib64/clang/14.0.6/include
 /home/bingo/Android/Sdk/ndk/25.0.8775105/toolchains/llvm/prebuilt/linux-x86_64/sysroot/usr/local/include
 /home/bingo/Android/Sdk/ndk/25.0.8775105/toolchains/llvm/prebuilt/linux-x86_64/sysroot/usr/include/x86_64-linux-android
 /home/bingo/Android/Sdk/ndk/25.0.8775105/toolchains/llvm/prebuilt/linux-x86_64/sysroot/usr/include
End of search list.
[2/2] Linking CXX executable cmTC_fef09
Android (8490178, based on r450784d) clang version 14.0.6 (https://android.googlesource.com/toolchain/llvm-project 4c603efb0cca074e9238af8b4106c30add4418f6)
Target: x86_64-none-linux-android24
Thread model: posix
InstalledDir: /home/bingo/Android/Sdk/ndk/25.0.8775105/toolchains/llvm/prebuilt/linux-x86_64/bin
Found CUDA installation: /usr/local/cuda-11.7, version 
 "/home/bingo/Android/Sdk/ndk/25.0.8775105/toolchains/llvm/prebuilt/linux-x86_64/bin/ld" --sysroot=/home/bingo/Android/Sdk/ndk/25.0.8775105/toolchains/llvm/prebuilt/linux-x86_64/sysroot -pie --warn-shared-textrel -z now -z relro --hash-style=gnu --enable-new-dtags --eh-frame-hdr -m elf_x86_64 -dynamic-linker /system/bin/linker64 -o cmTC_fef09 /home/bingo/Android/Sdk/ndk/25.0.8775105/toolchains/llvm/prebuilt/linux-x86_64/sysroot/usr/lib/x86_64-linux-android/24/crtbegin_dynamic.o -L/home/bingo/Android/Sdk/ndk/25.0.8775105/toolchains/llvm/prebuilt/linux-x86_64/lib64/clang/14.0.6/lib/linux/x86_64 -L/home/bingo/Android/Sdk/ndk/25.0.8775105/toolchains/llvm/prebuilt/linux-x86_64/sysroot/usr/lib/x86_64-linux-android/24 -L/home/bingo/Android/Sdk/ndk/25.0.8775105/toolchains/llvm/prebuilt/linux-x86_64/sysroot/usr/lib/x86_64-linux-android -L/home/bingo/Android/Sdk/ndk/25.0.8775105/toolchains/llvm/prebuilt/linux-x86_64/sysroot/usr/lib --build-id=sha1 --no-rosegment --fatal-warnings --gc-sections --no-undefined --gc-sections CMakeFiles/cmTC_fef09.dir/OpenMPTryFlag.cpp.o -latomic -lm -Bstatic -lc++ -Bdynamic -lm -lomp /home/bingo/Android/Sdk/ndk/25.0.8775105/toolchains/llvm/prebuilt/linux-x86_64/lib64/clang/14.0.6/lib/linux/libclang_rt.builtins-x86_64-android.a -l:libunwind.a -ldl -lc /home/bingo/Android/Sdk/ndk/25.0.8775105/toolchains/llvm/prebuilt/linux-x86_64/lib64/clang/14.0.6/lib/linux/libclang_rt.builtins-x86_64-android.a -l:libunwind.a -ldl /home/bingo/Android/Sdk/ndk/25.0.8775105/toolchains/llvm/prebuilt/linux-x86_64/sysroot/usr/lib/x86_64-linux-android/24/crtend_android.o


Parsed CXX OpenMP implicit link information from above output:
  link line regex: [^( *|.*[/\])(CMAKE_LINKER-NOTFOUND|CMAKE_LINK_STARTFILE-NOTFOUND|([^/\]+-)?ld|collect2)[^/\]*( |$)]
  ignore line: [Change Dir: /home/bingo/Public/AS2/NCNN/app/.cxx/Debug/2169x1k5/x86_64/CMakeFiles/CMakeTmp]
  ignore line: []
  ignore line: [Run Build Command:"/home/bingo/Android/Sdk/cmake/3.10.2.4988404/bin/ninja" "cmTC_fef09"]
  ignore line: [[1/2] Building CXX object CMakeFiles/cmTC_fef09.dir/OpenMPTryFlag.cpp.o]
  ignore line: [Android (8490178, based on r450784d) clang version 14.0.6 (https://android.googlesource.com/toolchain/llvm-project 4c603efb0cca074e9238af8b4106c30add4418f6)]
  ignore line: [Target: x86_64-none-linux-android24]
  ignore line: [Thread model: posix]
  ignore line: [InstalledDir: /home/bingo/Android/Sdk/ndk/25.0.8775105/toolchains/llvm/prebuilt/linux-x86_64/bin]
  ignore line: [Found CUDA installation: /usr/local/cuda-11.7, version ]
  ignore line: [ (in-process)]
  ignore line: [ "/home/bingo/Android/Sdk/ndk/25.0.8775105/toolchains/llvm/prebuilt/linux-x86_64/bin/clang++" -cc1 -triple x86_64-none-linux-android24 -emit-obj -mrelax-all --mrelax-relocations -disable-free -clear-ast-before-backend -disable-llvm-verifier -discard-value-names -main-file-name OpenMPTryFlag.cpp -mrelocation-model pic -pic-level 2 -pic-is-pie -mframe-pointer=all -ffp-contract=on -fno-rounding-math -mconstructor-aliases -funwind-tables=2 -target-cpu x86-64 -target-feature +sse4.2 -target-feature +popcnt -target-feature +cx16 -tune-cpu generic -mllvm -treat-scalable-fixed-error-as-warning -debug-info-kind=constructor -dwarf-version=4 -debugger-tuning=gdb -v -ffunction-sections -fdata-sections -fcoverage-compilation-dir=/home/bingo/Public/AS2/NCNN/app/.cxx/Debug/2169x1k5/x86_64/CMakeFiles/CMakeTmp -resource-dir /home/bingo/Android/Sdk/ndk/25.0.8775105/toolchains/llvm/prebuilt/linux-x86_64/lib64/clang/14.0.6 -D ANDROID -D _FORTIFY_SOURCE=2 -isysroot /home/bingo/Android/Sdk/ndk/25.0.8775105/toolchains/llvm/prebuilt/linux-x86_64/sysroot -internal-isystem /home/bingo/Android/Sdk/ndk/25.0.8775105/toolchains/llvm/prebuilt/linux-x86_64/sysroot/usr/include/c++/v1 -internal-isystem /home/bingo/Android/Sdk/ndk/25.0.8775105/toolchains/llvm/prebuilt/linux-x86_64/lib64/clang/14.0.6/include -internal-isystem /home/bingo/Android/Sdk/ndk/25.0.8775105/toolchains/llvm/prebuilt/linux-x86_64/sysroot/usr/local/include -internal-externc-isystem /home/bingo/Android/Sdk/ndk/25.0.8775105/toolchains/llvm/prebuilt/linux-x86_64/sysroot/usr/include/x86_64-linux-android -internal-externc-isystem /home/bingo/Android/Sdk/ndk/25.0.8775105/toolchains/llvm/prebuilt/linux-x86_64/sysroot/include -internal-externc-isystem /home/bingo/Android/Sdk/ndk/25.0.8775105/toolchains/llvm/prebuilt/linux-x86_64/sysroot/usr/include -Wformat -Werror=format-security -fdeprecated-macro -fdebug-compilation-dir=/home/bingo/Public/AS2/NCNN/app/.cxx/Debug/2169x1k5/x86_64/CMakeFiles/CMakeTmp -ferror-limit 19 -fopenmp -fopenmp-target-new-runtime -stack-protector 2 -fgnuc-version=4.2.1 -fcxx-exceptions -fexceptions -D__GCC_HAVE_DWARF2_CFI_ASM=1 -o CMakeFiles/cmTC_fef09.dir/OpenMPTryFlag.cpp.o -x c++ /home/bingo/Public/AS2/NCNN/app/.cxx/Debug/2169x1k5/x86_64/CMakeFiles/FindOpenMP/OpenMPTryFlag.cpp]
  ignore line: [clang -cc1 version 14.0.6 based upon LLVM 14.0.6git default target x86_64-unknown-linux-gnu]
  ignore line: [ignoring nonexistent directory "/home/bingo/Android/Sdk/ndk/25.0.8775105/toolchains/llvm/prebuilt/linux-x86_64/sysroot/include"]
  ignore line: [#include "..." search starts here:]
  ignore line: [#include <...> search starts here:]
  ignore line: [ /home/bingo/Android/Sdk/ndk/25.0.8775105/toolchains/llvm/prebuilt/linux-x86_64/sysroot/usr/include/c++/v1]
  ignore line: [ /home/bingo/Android/Sdk/ndk/25.0.8775105/toolchains/llvm/prebuilt/linux-x86_64/lib64/clang/14.0.6/include]
  ignore line: [ /home/bingo/Android/Sdk/ndk/25.0.8775105/toolchains/llvm/prebuilt/linux-x86_64/sysroot/usr/local/include]
  ignore line: [ /home/bingo/Android/Sdk/ndk/25.0.8775105/toolchains/llvm/prebuilt/linux-x86_64/sysroot/usr/include/x86_64-linux-android]
  ignore line: [ /home/bingo/Android/Sdk/ndk/25.0.8775105/toolchains/llvm/prebuilt/linux-x86_64/sysroot/usr/include]
  ignore line: [End of search list.]
  ignore line: [[2/2] Linking CXX executable cmTC_fef09]
  ignore line: [Android (8490178, based on r450784d) clang version 14.0.6 (https://android.googlesource.com/toolchain/llvm-project 4c603efb0cca074e9238af8b4106c30add4418f6)]
  ignore line: [Target: x86_64-none-linux-android24]
  ignore line: [Thread model: posix]
  ignore line: [InstalledDir: /home/bingo/Android/Sdk/ndk/25.0.8775105/toolchains/llvm/prebuilt/linux-x86_64/bin]
  ignore line: [Found CUDA installation: /usr/local/cuda-11.7, version ]
  link line: [ "/home/bingo/Android/Sdk/ndk/25.0.8775105/toolchains/llvm/prebuilt/linux-x86_64/bin/ld" --sysroot=/home/bingo/Android/Sdk/ndk/25.0.8775105/toolchains/llvm/prebuilt/linux-x86_64/sysroot -pie --warn-shared-textrel -z now -z relro --hash-style=gnu --enable-new-dtags --eh-frame-hdr -m elf_x86_64 -dynamic-linker /system/bin/linker64 -o cmTC_fef09 /home/bingo/Android/Sdk/ndk/25.0.8775105/toolchains/llvm/prebuilt/linux-x86_64/sysroot/usr/lib/x86_64-linux-android/24/crtbegin_dynamic.o -L/home/bingo/Android/Sdk/ndk/25.0.8775105/toolchains/llvm/prebuilt/linux-x86_64/lib64/clang/14.0.6/lib/linux/x86_64 -L/home/bingo/Android/Sdk/ndk/25.0.8775105/toolchains/llvm/prebuilt/linux-x86_64/sysroot/usr/lib/x86_64-linux-android/24 -L/home/bingo/Android/Sdk/ndk/25.0.8775105/toolchains/llvm/prebuilt/linux-x86_64/sysroot/usr/lib/x86_64-linux-android -L/home/bingo/Android/Sdk/ndk/25.0.8775105/toolchains/llvm/prebuilt/linux-x86_64/sysroot/usr/lib --build-id=sha1 --no-rosegment --fatal-warnings --gc-sections --no-undefined --gc-sections CMakeFiles/cmTC_fef09.dir/OpenMPTryFlag.cpp.o -latomic -lm -Bstatic -lc++ -Bdynamic -lm -lomp /home/bingo/Android/Sdk/ndk/25.0.8775105/toolchains/llvm/prebuilt/linux-x86_64/lib64/clang/14.0.6/lib/linux/libclang_rt.builtins-x86_64-android.a -l:libunwind.a -ldl -lc /home/bingo/Android/Sdk/ndk/25.0.8775105/toolchains/llvm/prebuilt/linux-x86_64/lib64/clang/14.0.6/lib/linux/libclang_rt.builtins-x86_64-android.a -l:libunwind.a -ldl /home/bingo/Android/Sdk/ndk/25.0.8775105/toolchains/llvm/prebuilt/linux-x86_64/sysroot/usr/lib/x86_64-linux-android/24/crtend_android.o]
    arg [/home/bingo/Android/Sdk/ndk/25.0.8775105/toolchains/llvm/prebuilt/linux-x86_64/bin/ld] ==> ignore
    arg [--sysroot=/home/bingo/Android/Sdk/ndk/25.0.8775105/toolchains/llvm/prebuilt/linux-x86_64/sysroot] ==> ignore
    arg [-pie] ==> ignore
    arg [--warn-shared-textrel] ==> ignore
    arg [-znow] ==> ignore
    arg [-zrelro] ==> ignore
    arg [--hash-style=gnu] ==> ignore
    arg [--enable-new-dtags] ==> ignore
    arg [--eh-frame-hdr] ==> ignore
    arg [-m] ==> ignore
    arg [elf_x86_64] ==> ignore
    arg [-dynamic-linker] ==> ignore
    arg [/system/bin/linker64] ==> ignore
    arg [-o] ==> ignore
    arg [cmTC_fef09] ==> ignore
    arg [/home/bingo/Android/Sdk/ndk/25.0.8775105/toolchains/llvm/prebuilt/linux-x86_64/sysroot/usr/lib/x86_64-linux-android/24/crtbegin_dynamic.o] ==> ignore
    arg [-L/home/bingo/Android/Sdk/ndk/25.0.8775105/toolchains/llvm/prebuilt/linux-x86_64/lib64/clang/14.0.6/lib/linux/x86_64] ==> dir [/home/bingo/Android/Sdk/ndk/25.0.8775105/toolchains/llvm/prebuilt/linux-x86_64/lib64/clang/14.0.6/lib/linux/x86_64]
    arg [-L/home/bingo/Android/Sdk/ndk/25.0.8775105/toolchains/llvm/prebuilt/linux-x86_64/sysroot/usr/lib/x86_64-linux-android/24] ==> dir [/home/bingo/Android/Sdk/ndk/25.0.8775105/toolchains/llvm/prebuilt/linux-x86_64/sysroot/usr/lib/x86_64-linux-android/24]
    arg [-L/home/bingo/Android/Sdk/ndk/25.0.8775105/toolchains/llvm/prebuilt/linux-x86_64/sysroot/usr/lib/x86_64-linux-android] ==> dir [/home/bingo/Android/Sdk/ndk/25.0.8775105/toolchains/llvm/prebuilt/linux-x86_64/sysroot/usr/lib/x86_64-linux-android]
    arg [-L/home/bingo/Android/Sdk/ndk/25.0.8775105/toolchains/llvm/prebuilt/linux-x86_64/sysroot/usr/lib] ==> dir [/home/bingo/Android/Sdk/ndk/25.0.8775105/toolchains/llvm/prebuilt/linux-x86_64/sysroot/usr/lib]
    arg [--build-id=sha1] ==> ignore
    arg [--no-rosegment] ==> ignore
    arg [--fatal-warnings] ==> ignore
    arg [--gc-sections] ==> ignore
    arg [--no-undefined] ==> ignore
    arg [--gc-sections] ==> ignore
    arg [CMakeFiles/cmTC_fef09.dir/OpenMPTryFlag.cpp.o] ==> ignore
    arg [-latomic] ==> lib [atomic]
    arg [-lm] ==> lib [m]
    arg [-Bstatic] ==> ignore
    arg [-lc++] ==> lib [c++]
    arg [-Bdynamic] ==> ignore
    arg [-lm] ==> lib [m]
    arg [-lomp] ==> lib [omp]
    arg [/home/bingo/Android/Sdk/ndk/25.0.8775105/toolchains/llvm/prebuilt/linux-x86_64/lib64/clang/14.0.6/lib/linux/libclang_rt.builtins-x86_64-android.a] ==> lib [/home/bingo/Android/Sdk/ndk/25.0.8775105/toolchains/llvm/prebuilt/linux-x86_64/lib64/clang/14.0.6/lib/linux/libclang_rt.builtins-x86_64-android.a]
    arg [-l:libunwind.a] ==> lib [-l:libunwind.a]
    arg [-ldl] ==> lib [dl]
    arg [-lc] ==> lib [c]
    arg [/home/bingo/Android/Sdk/ndk/25.0.8775105/toolchains/llvm/prebuilt/linux-x86_64/lib64/clang/14.0.6/lib/linux/libclang_rt.builtins-x86_64-android.a] ==> lib [/home/bingo/Android/Sdk/ndk/25.0.8775105/toolchains/llvm/prebuilt/linux-x86_64/lib64/clang/14.0.6/lib/linux/libclang_rt.builtins-x86_64-android.a]
    arg [-l:libunwind.a] ==> lib [-l:libunwind.a]
    arg [-ldl] ==> lib [dl]
    arg [/home/bingo/Android/Sdk/ndk/25.0.8775105/toolchains/llvm/prebuilt/linux-x86_64/sysroot/usr/lib/x86_64-linux-android/24/crtend_android.o] ==> ignore
  remove lib [/home/bingo/Android/Sdk/ndk/25.0.8775105/toolchains/llvm/prebuilt/linux-x86_64/lib64/clang/14.0.6/lib/linux/libclang_rt.builtins-x86_64-android.a]
  remove lib [/home/bingo/Android/Sdk/ndk/25.0.8775105/toolchains/llvm/prebuilt/linux-x86_64/lib64/clang/14.0.6/lib/linux/libclang_rt.builtins-x86_64-android.a]
  collapse library dir [/home/bingo/Android/Sdk/ndk/25.0.8775105/toolchains/llvm/prebuilt/linux-x86_64/lib64/clang/14.0.6/lib/linux/x86_64] ==> [/home/bingo/Android/Sdk/ndk/25.0.8775105/toolchains/llvm/prebuilt/linux-x86_64/lib64/clang/14.0.6/lib/linux/x86_64]
  collapse library dir [/home/bingo/Android/Sdk/ndk/25.0.8775105/toolchains/llvm/prebuilt/linux-x86_64/sysroot/usr/lib/x86_64-linux-android/24] ==> [/home/bingo/Android/Sdk/ndk/25.0.8775105/toolchains/llvm/prebuilt/linux-x86_64/sysroot/usr/lib/x86_64-linux-android/24]
  collapse library dir [/home/bingo/Android/Sdk/ndk/25.0.8775105/toolchains/llvm/prebuilt/linux-x86_64/sysroot/usr/lib/x86_64-linux-android] ==> [/home/bingo/Android/Sdk/ndk/25.0.8775105/toolchains/llvm/prebuilt/linux-x86_64/sysroot/usr/lib/x86_64-linux-android]
  collapse library dir [/home/bingo/Android/Sdk/ndk/25.0.8775105/toolchains/llvm/prebuilt/linux-x86_64/sysroot/usr/lib] ==> [/home/bingo/Android/Sdk/ndk/25.0.8775105/toolchains/llvm/prebuilt/linux-x86_64/sysroot/usr/lib]
  implicit libs: [atomic;m;c++;m;omp;-l:libunwind.a;dl;c;-l:libunwind.a;dl]
  implicit dirs: [/home/bingo/Android/Sdk/ndk/25.0.8775105/toolchains/llvm/prebuilt/linux-x86_64/lib64/clang/14.0.6/lib/linux/x86_64;/home/bingo/Android/Sdk/ndk/25.0.8775105/toolchains/llvm/prebuilt/linux-x86_64/sysroot/usr/lib/x86_64-linux-android/24;/home/bingo/Android/Sdk/ndk/25.0.8775105/toolchains/llvm/prebuilt/linux-x86_64/sysroot/usr/lib/x86_64-linux-android;/home/bingo/Android/Sdk/ndk/25.0.8775105/toolchains/llvm/prebuilt/linux-x86_64/sysroot/usr/lib]
  implicit fwks: []


Determining if the include file pthread.h exists passed with the following output:
Change Dir: /home/bingo/Public/AS2/NCNN/app/.cxx/Debug/2169x1k5/x86_64/CMakeFiles/CMakeTmp

Run Build Command:"/home/bingo/Android/Sdk/cmake/3.10.2.4988404/bin/ninja" "cmTC_47e14"
[1/2] Building C object CMakeFiles/cmTC_47e14.dir/CheckIncludeFile.c.o
[2/2] Linking C executable cmTC_47e14


Determining if the pthread_create exist passed with the following output:
Change Dir: /home/bingo/Public/AS2/NCNN/app/.cxx/Debug/2169x1k5/x86_64/CMakeFiles/CMakeTmp

Run Build Command:"/home/bingo/Android/Sdk/cmake/3.10.2.4988404/bin/ninja" "cmTC_edbf2"
[1/2] Building C object CMakeFiles/cmTC_edbf2.dir/CheckSymbolExists.c.o
[2/2] Linking C executable cmTC_edbf2

File /home/bingo/Public/AS2/NCNN/app/.cxx/Debug/2169x1k5/x86_64/CMakeFiles/CMakeTmp/CheckSymbolExists.c:
/* */
#include <pthread.h>

int main(int argc, char** argv)
{
  (void)argv;
#ifndef pthread_create
  return ((int*)(&pthread_create))[argc];
#else
  (void)argc;
  return 0;
#endif
}

